生成启动时间为 2018/4/24 14:27:57。
     1>项目“F:\OPENCV\TL_R\TL_R\TL_R.vcxproj”在节点 2 上(Build 个目标)。
     1>ClCompile:
         D:\Program Files (x86)\Microsoft Visual Studio 12.0\VC\bin\x86_amd64\CL.exe /c /Zi /nologo /W3 /WX- /sdl /Od /D WIN32 /D _DEBUG /D _CONSOLE /D _LIB /D _UNICODE /D UNICODE /Gm /EHsc /RTC1 /MDd /GS /fp:precise /Zc:wchar_t /Zc:forScope /Yc"stdafx.h" /Fp"x64\Debug\TL_R.pch" /Fo"x64\Debug\\" /Fd"x64\Debug\vc120.pdb" /Gd /TP /errorReport:prompt stdafx.cpp
         stdafx.cpp
         D:\Program Files (x86)\Microsoft Visual Studio 12.0\VC\bin\x86_amd64\CL.exe /c /Zi /nologo /W3 /WX- /sdl /Od /D WIN32 /D _DEBUG /D _CONSOLE /D _LIB /D _UNICODE /D UNICODE /Gm /EHsc /RTC1 /MDd /GS /fp:precise /Zc:wchar_t /Zc:forScope /Yu"stdafx.h" /Fp"x64\Debug\TL_R.pch" /Fo"x64\Debug\\" /Fd"x64\Debug\vc120.pdb" /Gd /TP /errorReport:prompt knn.cpp main.cpp TLR.cpp TL_R.cpp
         TL_R.cpp
         TLR.cpp
     1>TLR.cpp(106): warning C4804: “<”: 在操作中使用类型“bool”不安全
     1>TLR.cpp(183): warning C4002: “MAX”宏的实参太多
     1>TLR.cpp(364): warning C4244: “参数”: 从“float”转换到“int”，可能丢失数据
     1>TLR.cpp(658): warning C4244: “=”: 从“int”转换到“float”，可能丢失数据
         main.cpp
         knn.cpp
         正在生成代码...
       Link:
         D:\Program Files (x86)\Microsoft Visual Studio 12.0\VC\bin\x86_amd64\link.exe /ERRORREPORT:PROMPT /OUT:"F:\OPENCV\TL_R\x64\Debug\TL_R.exe" /INCREMENTAL /NOLOGO opencv_calib3d2413d.lib opencv_contrib2413d.lib opencv_core2413d.lib opencv_features2d2413d.lib opencv_flann2413d.lib opencv_gpu2413d.lib opencv_highgui2413d.lib opencv_imgproc2413d.lib opencv_legacy2413d.lib opencv_ml2413d.lib opencv_nonfree2413d.lib opencv_objdetect2413d.lib opencv_ocl2413d.lib opencv_photo2413d.lib opencv_stitching2413d.lib opencv_superres2413d.lib opencv_ts2413d.lib opencv_video2413d.lib opencv_videostab2413d.lib kernel32.lib user32.lib gdi32.lib winspool.lib comdlg32.lib advapi32.lib shell32.lib ole32.lib oleaut32.lib uuid.lib odbc32.lib odbccp32.lib /MANIFEST /MANIFESTUAC:"level='asInvoker' uiAccess='false'" /manifest:embed /DEBUG /PDB:"F:\OPENCV\TL_R\x64\Debug\TL_R.pdb" /SUBSYSTEM:CONSOLE /TLBID:1 /DYNAMICBASE /NXCOMPAT /IMPLIB:"F:\OPENCV\TL_R\x64\Debug\TL_R.lib" /MACHINE:X64 x64\Debug\knn.obj
         x64\Debug\main.obj
         x64\Debug\stdafx.obj
         x64\Debug\TLR.obj
         x64\Debug\TL_R.obj
     1>LINK : warning LNK4067: 不明确的入口点；选定“mainCRTStartup”
     1>opencv_highgui2413d.lib(opencv_highgui2413d.dll) : fatal error LNK1112: 模块计算机类型“X86”与目标计算机类型“x64”冲突
     1>已完成生成项目“F:\OPENCV\TL_R\TL_R\TL_R.vcxproj”(Build 个目标)的操作 - 失败。

生成失败。

已用时间 00:00:03.60
